<?xml version="1.0" encoding="UTF-8"?>
<!-- Generated by org.testng.reporters.JUnitXMLReporter -->
<testsuite hostname="Sulmans-MacBook-Pro.local" ignored="0" name="Default test" tests="3" failures="0" timestamp="14 May 2019 06:29:14 GMT" time="83.414" errors="0">
  <testcase name="feature" time="41.322" classname="RunnerPackage.Runner"/>
  <testcase name="feature" time="10.155" classname="RunnerPackage.Runner"/>
  <testcase name="feature" time="31.697" classname="RunnerPackage.Runner"/>
</testsuite> <!-- Default test -->
