<?xml version="1.0" encoding="UTF-8"?>
<!-- Generated by org.testng.reporters.JUnitXMLReporter -->
<testsuite hostname="Sulmans-MacBook-Pro.local" ignored="0" name="Test" tests="3" failures="0" timestamp="14 May 2019 05:15:01 GMT" time="81.301" errors="0">
  <testcase name="feature" time="39.594" classname="RunnerPackage.Runner"/>
  <testcase name="feature" time="10.881" classname="RunnerPackage.Runner"/>
  <testcase name="feature" time="30.584" classname="RunnerPackage.Runner"/>
</testsuite> <!-- Test -->
