<?xml version="1.0" encoding="UTF-8"?>
<!-- Generated by org.testng.reporters.JUnitXMLReporter -->
<testsuite hostname="Sulmans-MacBook-Pro.local" ignored="0" name="Test" tests="3" failures="0" timestamp="14 May 2019 05:21:21 GMT" time="80.739" errors="0">
  <testcase name="feature" time="37.547" classname="RunnerPackage.Runner"/>
  <testcase name="feature" time="11.197" classname="RunnerPackage.Runner"/>
  <testcase name="feature" time="31.79" classname="RunnerPackage.Runner"/>
</testsuite> <!-- Test -->
