<?xml version="1.0" encoding="UTF-8"?>
<testng-results skipped="0" failed="0" ignored="0" total="3" passed="3">
  <reporter-output>
  </reporter-output>
  <suite name="Default suite" duration-ms="83414" started-at="2019-05-14T06:27:45Z" finished-at="2019-05-14T06:29:09Z">
    <groups>
    </groups>
    <test name="Default test" duration-ms="83414" started-at="2019-05-14T06:27:45Z" finished-at="2019-05-14T06:29:09Z">
      <class name="RunnerPackage.Runner">
        <test-method status="PASS" signature="SetUpClass()[pri:0, instance:RunnerPackage.Runner@29ca901e]" name="SetUpClass" is-config="true" duration-ms="161" started-at="2019-05-14T06:27:45Z" finished-at="2019-05-14T06:27:46Z">
          <reporter-output>
          </reporter-output>
        </test-method> <!-- SetUpClass -->
        <test-method status="PASS" signature="feature(cucumber.api.testng.PickleEventWrapper, cucumber.api.testng.CucumberFeatureWrapper)[pri:0, instance:RunnerPackage.Runner@29ca901e]" name="feature" duration-ms="41322" started-at="2019-05-14T06:27:46Z" data-provider="features" finished-at="2019-05-14T06:28:27Z">
          <params>
            <param index="0">
              <value>
                <![CDATA["Put all five dresses into cart"]]>
              </value>
            </param>
            <param index="1">
              <value>
                <![CDATA["Dresses page"]]>
              </value>
            </param>
          </params>
          <reporter-output>
          </reporter-output>
        </test-method> <!-- feature -->
        <test-method status="PASS" signature="feature(cucumber.api.testng.PickleEventWrapper, cucumber.api.testng.CucumberFeatureWrapper)[pri:0, instance:RunnerPackage.Runner@29ca901e]" name="feature" duration-ms="10155" started-at="2019-05-14T06:28:27Z" data-provider="features" finished-at="2019-05-14T06:28:37Z">
          <params>
            <param index="0">
              <value>
                <![CDATA["validate the logo and title and move to Dresses tab"]]>
              </value>
            </param>
            <param index="1">
              <value>
                <![CDATA["Homepage Feature"]]>
              </value>
            </param>
          </params>
          <reporter-output>
          </reporter-output>
        </test-method> <!-- feature -->
        <test-method status="PASS" signature="feature(cucumber.api.testng.PickleEventWrapper, cucumber.api.testng.CucumberFeatureWrapper)[pri:0, instance:RunnerPackage.Runner@29ca901e]" name="feature" duration-ms="31697" started-at="2019-05-14T06:28:37Z" data-provider="features" finished-at="2019-05-14T06:29:09Z">
          <params>
            <param index="0">
              <value>
                <![CDATA["Check all Dresses are right"]]>
              </value>
            </param>
            <param index="1">
              <value>
                <![CDATA["Summrypage"]]>
              </value>
            </param>
          </params>
          <reporter-output>
          </reporter-output>
        </test-method> <!-- feature -->
        <test-method status="PASS" signature="teardown()[pri:0, instance:RunnerPackage.Runner@29ca901e]" name="teardown" is-config="true" duration-ms="23" started-at="2019-05-14T06:29:09Z" finished-at="2019-05-14T06:29:09Z">
          <reporter-output>
          </reporter-output>
        </test-method> <!-- teardown -->
      </class> <!-- RunnerPackage.Runner -->
    </test> <!-- Default test -->
  </suite> <!-- Default suite -->
</testng-results>
